<?xml version="1.0" encoding="UTF-8"?>
<testsuite name="com.aor.numbers.ListFiltererTest" tests="4" skipped="0" failures="0" errors="0" timestamp="2022-10-25T08:30:20" hostname="sergiopeixoto" time="0.003">
  <properties/>
  <testcase name="even_repeated_numbers_filter()" classname="com.aor.numbers.ListFiltererTest" time="0.001"/>
  <testcase name="even_numbers_filter()" classname="com.aor.numbers.ListFiltererTest" time="0.0"/>
  <testcase name="odd_repeated_numbers_filter()" classname="com.aor.numbers.ListFiltererTest" time="0.0"/>
  <testcase name="odd_numbers_filter()" classname="com.aor.numbers.ListFiltererTest" time="0.0"/>
  <system-out><![CDATA[]]></system-out>
  <system-err><![CDATA[]]></system-err>
</testsuite>
