<?xml version="1.0" encoding="UTF-8"?>
<testsuite name="com.aor.numbers.PositiveFilterTest" tests="4" skipped="0" failures="0" errors="0" timestamp="2022-10-18T08:35:29" hostname="sergiopeixoto" time="0.002">
  <properties/>
  <testcase name="test_max()" classname="com.aor.numbers.PositiveFilterTest" time="0.0"/>
  <testcase name="test_min()" classname="com.aor.numbers.PositiveFilterTest" time="0.001"/>
  <testcase name="test_positive()" classname="com.aor.numbers.PositiveFilterTest" time="0.0"/>
  <testcase name="test_negative()" classname="com.aor.numbers.PositiveFilterTest" time="0.0"/>
  <system-out><![CDATA[]]></system-out>
  <system-err><![CDATA[]]></system-err>
</testsuite>
