<?xml version="1.0" encoding="UTF-8"?>
<testsuite name="com.aor.numbers.DivisibleFilterTest" tests="2" skipped="0" failures="0" errors="0" timestamp="2022-10-18T08:55:06" hostname="sergiopeixoto" time="0.012">
  <properties/>
  <testcase name="test_positive()" classname="com.aor.numbers.DivisibleFilterTest" time="0.011"/>
  <testcase name="test_negative()" classname="com.aor.numbers.DivisibleFilterTest" time="0.001"/>
  <system-out><![CDATA[]]></system-out>
  <system-err><![CDATA[]]></system-err>
</testsuite>
